<?xml version="1.0" encoding="UTF-8"?>
<testsuite xmlns:xsi="http://www.w3.org/2001/XMLSchema-instance" xsi:noNamespaceSchemaLocation="https://maven.apache.org/surefire/maven-surefire-plugin/xsd/surefire-test-report-3.0.xsd" version="3.0" name="util.ErrorResponseTest" time="0.005" tests="4" errors="0" skipped="0" failures="0">
  <properties>
    <property name="sun.desktop" value="windows"/>
    <property name="awt.toolkit" value="sun.awt.windows.WToolkit"/>
    <property name="java.specification.version" value="11"/>
    <property name="sun.cpu.isalist" value="amd64"/>
    <property name="sun.jnu.encoding" value="Cp1252"/>
    <property name="java.class.path" value="E:\Programas\eclipse-workspace-ee\SistemaBicicletario\target\test-classes;E:\Programas\eclipse-workspace-ee\SistemaBicicletario\target\classes;C:\Users\Cicinha\.m2\repository\io\javalin\javalin-openapi\4.2.0\javalin-openapi-4.2.0.jar;C:\Users\Cicinha\.m2\repository\com\fasterxml\jackson\module\jackson-module-kotlin\2.12.4\jackson-module-kotlin-2.12.4.jar;C:\Users\Cicinha\.m2\repository\org\jetbrains\kotlin\kotlin-reflect\1.4.21\kotlin-reflect-1.4.21.jar;C:\Users\Cicinha\.m2\repository\io\swagger\core\v3\swagger-models\2.1.10\swagger-models-2.1.10.jar;C:\Users\Cicinha\.m2\repository\io\swagger\parser\v3\swagger-parser\2.0.27\swagger-parser-2.0.27.jar;C:\Users\Cicinha\.m2\repository\io\swagger\parser\v3\swagger-parser-v2-converter\2.0.27\swagger-parser-v2-converter-2.0.27.jar;C:\Users\Cicinha\.m2\repository\io\swagger\swagger-core\1.6.2\swagger-core-1.6.2.jar;C:\Users\Cicinha\.m2\repository\io\swagger\swagger-models\1.6.2\swagger-models-1.6.2.jar;C:\Users\Cicinha\.m2\repository\io\swagger\swagger-annotations\1.6.2\swagger-annotations-1.6.2.jar;C:\Users\Cicinha\.m2\repository\com\google\guava\guava\27.0.1-android\guava-27.0.1-android.jar;C:\Users\Cicinha\.m2\repository\com\google\guava\failureaccess\1.0.1\failureaccess-1.0.1.jar;C:\Users\Cicinha\.m2\repository\com\google\guava\listenablefuture\9999.0-empty-to-avoid-conflict-with-guava\listenablefuture-9999.0-empty-to-avoid-conflict-with-guava.jar;C:\Users\Cicinha\.m2\repository\com\google\code\findbugs\jsr305\3.0.2\jsr305-3.0.2.jar;C:\Users\Cicinha\.m2\repository\org\checkerframework\checker-compat-qual\2.5.2\checker-compat-qual-2.5.2.jar;C:\Users\Cicinha\.m2\repository\com\google\errorprone\error_prone_annotations\2.2.0\error_prone_annotations-2.2.0.jar;C:\Users\Cicinha\.m2\repository\com\google\j2objc\j2objc-annotations\1.1\j2objc-annotations-1.1.jar;C:\Users\Cicinha\.m2\repository\org\codehaus\mojo\animal-sniffer-annotations\1.17\animal-sniffer-annotations-1.17.jar;C:\Users\Cicinha\.m2\repository\io\swagger\swagger-parser\1.0.55\swagger-parser-1.0.55.jar;C:\Users\Cicinha\.m2\repository\io\swagger\swagger-compat-spec-parser\1.0.55\swagger-compat-spec-parser-1.0.55.jar;C:\Users\Cicinha\.m2\repository\com\github\java-json-tools\json-schema-validator\2.2.14\json-schema-validator-2.2.14.jar;C:\Users\Cicinha\.m2\repository\com\github\java-json-tools\jackson-coreutils-equivalence\1.0\jackson-coreutils-equivalence-1.0.jar;C:\Users\Cicinha\.m2\repository\com\github\java-json-tools\json-schema-core\1.2.14\json-schema-core-1.2.14.jar;C:\Users\Cicinha\.m2\repository\com\github\java-json-tools\uri-template\0.10\uri-template-0.10.jar;C:\Users\Cicinha\.m2\repository\org\mozilla\rhino\1.7.7.2\rhino-1.7.7.2.jar;C:\Users\Cicinha\.m2\repository\com\sun\mail\mailapi\1.6.2\mailapi-1.6.2.jar;C:\Users\Cicinha\.m2\repository\joda-time\joda-time\2.10.5\joda-time-2.10.5.jar;C:\Users\Cicinha\.m2\repository\com\googlecode\libphonenumber\libphonenumber\8.11.1\libphonenumber-8.11.1.jar;C:\Users\Cicinha\.m2\repository\net\sf\jopt-simple\jopt-simple\5.0.4\jopt-simple-5.0.4.jar;C:\Users\Cicinha\.m2\repository\com\github\java-json-tools\json-patch\1.13\json-patch-1.13.jar;C:\Users\Cicinha\.m2\repository\com\github\java-json-tools\msg-simple\1.2\msg-simple-1.2.jar;C:\Users\Cicinha\.m2\repository\com\github\java-json-tools\btf\1.3\btf-1.3.jar;C:\Users\Cicinha\.m2\repository\com\github\java-json-tools\jackson-coreutils\2.0\jackson-coreutils-2.0.jar;C:\Users\Cicinha\.m2\repository\io\swagger\parser\v3\swagger-parser-core\2.0.27\swagger-parser-core-2.0.27.jar;C:\Users\Cicinha\.m2\repository\io\swagger\parser\v3\swagger-parser-v3\2.0.27\swagger-parser-v3-2.0.27.jar;C:\Users\Cicinha\.m2\repository\com\fasterxml\jackson\dataformat\jackson-dataformat-yaml\2.12.1\jackson-dataformat-yaml-2.12.1.jar;C:\Users\Cicinha\.m2\repository\org\yaml\snakeyaml\1.27\snakeyaml-1.27.jar;C:\Users\Cicinha\.m2\repository\commons-io\commons-io\2.6\commons-io-2.6.jar;C:\Users\Cicinha\.m2\repository\org\webjars\npm\redoc\2.0.0-rc.45\redoc-2.0.0-rc.45.jar;C:\Users\Cicinha\.m2\repository\org\webjars\swagger-ui\3.43.0\swagger-ui-3.43.0.jar;C:\Users\Cicinha\.m2\repository\io\github\classgraph\classgraph\4.8.102\classgraph-4.8.102.jar;C:\Users\Cicinha\.m2\repository\cc\vileda\kotlin-openapi3-dsl\1.0.0\kotlin-openapi3-dsl-1.0.0.jar;C:\Users\Cicinha\.m2\repository\io\swagger\core\v3\swagger-core\2.1.4\swagger-core-2.1.4.jar;C:\Users\Cicinha\.m2\repository\jakarta\xml\bind\jakarta.xml.bind-api\2.3.2\jakarta.xml.bind-api-2.3.2.jar;C:\Users\Cicinha\.m2\repository\jakarta\activation\jakarta.activation-api\1.2.1\jakarta.activation-api-1.2.1.jar;C:\Users\Cicinha\.m2\repository\org\apache\commons\commons-lang3\3.7\commons-lang3-3.7.jar;C:\Users\Cicinha\.m2\repository\com\fasterxml\jackson\datatype\jackson-datatype-jsr310\2.11.1\jackson-datatype-jsr310-2.11.1.jar;C:\Users\Cicinha\.m2\repository\io\swagger\core\v3\swagger-annotations\2.1.4\swagger-annotations-2.1.4.jar;C:\Users\Cicinha\.m2\repository\jakarta\validation\jakarta.validation-api\2.0.2\jakarta.validation-api-2.0.2.jar;C:\Users\Cicinha\.m2\repository\com\fasterxml\jackson\module\jackson-module-jsonSchema\2.11.2\jackson-module-jsonSchema-2.11.2.jar;C:\Users\Cicinha\.m2\repository\javax\validation\validation-api\1.1.0.Final\validation-api-1.1.0.Final.jar;C:\Users\Cicinha\.m2\repository\com\fasterxml\jackson\datatype\jackson-datatype-json-org\2.11.2\jackson-datatype-json-org-2.11.2.jar;C:\Users\Cicinha\.m2\repository\org\json\json\20190722\json-20190722.jar;C:\Users\Cicinha\.m2\repository\com\reprezen\kaizen\openapi-parser\4.0.4\openapi-parser-4.0.4.jar;C:\Users\Cicinha\.m2\repository\com\reprezen\jsonoverlay\jsonoverlay\4.0.4\jsonoverlay-4.0.4.jar;C:\Users\Cicinha\.m2\repository\javax\mail\javax.mail-api\1.6.1\javax.mail-api-1.6.1.jar;C:\Users\Cicinha\.m2\repository\javax\activation\activation\1.1\activation-1.1.jar;C:\Users\Cicinha\.m2\repository\com\sun\mail\javax.mail\1.6.1\javax.mail-1.6.1.jar;C:\Users\Cicinha\.m2\repository\org\jetbrains\kotlin\kotlin-stdlib-jdk8\1.5.31\kotlin-stdlib-jdk8-1.5.31.jar;C:\Users\Cicinha\.m2\repository\org\jetbrains\kotlin\kotlin-stdlib\1.5.31\kotlin-stdlib-1.5.31.jar;C:\Users\Cicinha\.m2\repository\org\jetbrains\annotations\13.0\annotations-13.0.jar;C:\Users\Cicinha\.m2\repository\org\jetbrains\kotlin\kotlin-stdlib-common\1.5.31\kotlin-stdlib-common-1.5.31.jar;C:\Users\Cicinha\.m2\repository\org\jetbrains\kotlin\kotlin-stdlib-jdk7\1.5.31\kotlin-stdlib-jdk7-1.5.31.jar;C:\Users\Cicinha\.m2\repository\io\javalin\javalin\3.7.0\javalin-3.7.0.jar;C:\Users\Cicinha\.m2\repository\org\slf4j\slf4j-api\1.7.28\slf4j-api-1.7.28.jar;C:\Users\Cicinha\.m2\repository\org\eclipse\jetty\jetty-server\9.4.25.v20191220\jetty-server-9.4.25.v20191220.jar;C:\Users\Cicinha\.m2\repository\javax\servlet\javax.servlet-api\3.1.0\javax.servlet-api-3.1.0.jar;C:\Users\Cicinha\.m2\repository\org\eclipse\jetty\jetty-http\9.4.25.v20191220\jetty-http-9.4.25.v20191220.jar;C:\Users\Cicinha\.m2\repository\org\eclipse\jetty\jetty-util\9.4.25.v20191220\jetty-util-9.4.25.v20191220.jar;C:\Users\Cicinha\.m2\repository\org\eclipse\jetty\jetty-io\9.4.25.v20191220\jetty-io-9.4.25.v20191220.jar;C:\Users\Cicinha\.m2\repository\org\eclipse\jetty\jetty-webapp\9.4.25.v20191220\jetty-webapp-9.4.25.v20191220.jar;C:\Users\Cicinha\.m2\repository\org\eclipse\jetty\jetty-xml\9.4.25.v20191220\jetty-xml-9.4.25.v20191220.jar;C:\Users\Cicinha\.m2\repository\org\eclipse\jetty\jetty-servlet\9.4.25.v20191220\jetty-servlet-9.4.25.v20191220.jar;C:\Users\Cicinha\.m2\repository\org\eclipse\jetty\jetty-security\9.4.25.v20191220\jetty-security-9.4.25.v20191220.jar;C:\Users\Cicinha\.m2\repository\org\eclipse\jetty\websocket\websocket-server\9.4.25.v20191220\websocket-server-9.4.25.v20191220.jar;C:\Users\Cicinha\.m2\repository\org\eclipse\jetty\websocket\websocket-common\9.4.25.v20191220\websocket-common-9.4.25.v20191220.jar;C:\Users\Cicinha\.m2\repository\org\eclipse\jetty\websocket\websocket-api\9.4.25.v20191220\websocket-api-9.4.25.v20191220.jar;C:\Users\Cicinha\.m2\repository\org\eclipse\jetty\websocket\websocket-client\9.4.25.v20191220\websocket-client-9.4.25.v20191220.jar;C:\Users\Cicinha\.m2\repository\org\eclipse\jetty\jetty-client\9.4.25.v20191220\jetty-client-9.4.25.v20191220.jar;C:\Users\Cicinha\.m2\repository\org\eclipse\jetty\websocket\websocket-servlet\9.4.25.v20191220\websocket-servlet-9.4.25.v20191220.jar;C:\Users\Cicinha\.m2\repository\com\konghq\unirest-java\3.10.00\unirest-java-3.10.00.jar;C:\Users\Cicinha\.m2\repository\org\apache\httpcomponents\httpclient\4.5.12\httpclient-4.5.12.jar;C:\Users\Cicinha\.m2\repository\org\apache\httpcomponents\httpcore\4.4.13\httpcore-4.4.13.jar;C:\Users\Cicinha\.m2\repository\commons-logging\commons-logging\1.2\commons-logging-1.2.jar;C:\Users\Cicinha\.m2\repository\commons-codec\commons-codec\1.11\commons-codec-1.11.jar;C:\Users\Cicinha\.m2\repository\org\apache\httpcomponents\httpmime\4.5.12\httpmime-4.5.12.jar;C:\Users\Cicinha\.m2\repository\org\apache\httpcomponents\httpcore-nio\4.4.13\httpcore-nio-4.4.13.jar;C:\Users\Cicinha\.m2\repository\org\apache\httpcomponents\httpasyncclient\4.1.4\httpasyncclient-4.1.4.jar;C:\Users\Cicinha\.m2\repository\com\google\code\gson\gson\2.8.6\gson-2.8.6.jar;C:\Users\Cicinha\.m2\repository\org\slf4j\slf4j-simple\1.7.28\slf4j-simple-1.7.28.jar;C:\Users\Cicinha\.m2\repository\com\fasterxml\jackson\core\jackson-databind\2.10.1\jackson-databind-2.10.1.jar;C:\Users\Cicinha\.m2\repository\com\fasterxml\jackson\core\jackson-annotations\2.10.1\jackson-annotations-2.10.1.jar;C:\Users\Cicinha\.m2\repository\com\fasterxml\jackson\core\jackson-core\2.10.1\jackson-core-2.10.1.jar;C:\Users\Cicinha\.m2\repository\org\junit\jupiter\junit-jupiter-api\5.8.1\junit-jupiter-api-5.8.1.jar;C:\Users\Cicinha\.m2\repository\org\opentest4j\opentest4j\1.2.0\opentest4j-1.2.0.jar;C:\Users\Cicinha\.m2\repository\org\junit\platform\junit-platform-commons\1.8.1\junit-platform-commons-1.8.1.jar;C:\Users\Cicinha\.m2\repository\org\apiguardian\apiguardian-api\1.1.2\apiguardian-api-1.1.2.jar;"/>
    <property name="java.vm.vendor" value="Oracle Corporation"/>
    <property name="sun.arch.data.model" value="64"/>
    <property name="user.variant" value=""/>
    <property name="java.vendor.url" value="https://openjdk.java.net/"/>
    <property name="user.timezone" value="GMT-03:00"/>
    <property name="java.vm.specification.version" value="11"/>
    <property name="os.name" value="Windows 7"/>
    <property name="sun.java.launcher" value="SUN_STANDARD"/>
    <property name="user.country" value="BR"/>
    <property name="sun.boot.library.path" value="C:\Program Files\Java\jdk-11.0.12\bin"/>
    <property name="sun.java.command" value="C:\Users\Cicinha\AppData\Local\Temp\surefire10053225963004386089\surefirebooter2439870479442372650.jar C:\Users\Cicinha\AppData\Local\Temp\surefire10053225963004386089 2022-01-30T01-53-24_693-jvmRun1 surefire2019891744810073357tmp surefire_06172342799612462915tmp"/>
    <property name="jdk.debug" value="release"/>
    <property name="surefire.test.class.path" value="E:\Programas\eclipse-workspace-ee\SistemaBicicletario\target\test-classes;E:\Programas\eclipse-workspace-ee\SistemaBicicletario\target\classes;C:\Users\Cicinha\.m2\repository\io\javalin\javalin-openapi\4.2.0\javalin-openapi-4.2.0.jar;C:\Users\Cicinha\.m2\repository\com\fasterxml\jackson\module\jackson-module-kotlin\2.12.4\jackson-module-kotlin-2.12.4.jar;C:\Users\Cicinha\.m2\repository\org\jetbrains\kotlin\kotlin-reflect\1.4.21\kotlin-reflect-1.4.21.jar;C:\Users\Cicinha\.m2\repository\io\swagger\core\v3\swagger-models\2.1.10\swagger-models-2.1.10.jar;C:\Users\Cicinha\.m2\repository\io\swagger\parser\v3\swagger-parser\2.0.27\swagger-parser-2.0.27.jar;C:\Users\Cicinha\.m2\repository\io\swagger\parser\v3\swagger-parser-v2-converter\2.0.27\swagger-parser-v2-converter-2.0.27.jar;C:\Users\Cicinha\.m2\repository\io\swagger\swagger-core\1.6.2\swagger-core-1.6.2.jar;C:\Users\Cicinha\.m2\repository\io\swagger\swagger-models\1.6.2\swagger-models-1.6.2.jar;C:\Users\Cicinha\.m2\repository\io\swagger\swagger-annotations\1.6.2\swagger-annotations-1.6.2.jar;C:\Users\Cicinha\.m2\repository\com\google\guava\guava\27.0.1-android\guava-27.0.1-android.jar;C:\Users\Cicinha\.m2\repository\com\google\guava\failureaccess\1.0.1\failureaccess-1.0.1.jar;C:\Users\Cicinha\.m2\repository\com\google\guava\listenablefuture\9999.0-empty-to-avoid-conflict-with-guava\listenablefuture-9999.0-empty-to-avoid-conflict-with-guava.jar;C:\Users\Cicinha\.m2\repository\com\google\code\findbugs\jsr305\3.0.2\jsr305-3.0.2.jar;C:\Users\Cicinha\.m2\repository\org\checkerframework\checker-compat-qual\2.5.2\checker-compat-qual-2.5.2.jar;C:\Users\Cicinha\.m2\repository\com\google\errorprone\error_prone_annotations\2.2.0\error_prone_annotations-2.2.0.jar;C:\Users\Cicinha\.m2\repository\com\google\j2objc\j2objc-annotations\1.1\j2objc-annotations-1.1.jar;C:\Users\Cicinha\.m2\repository\org\codehaus\mojo\animal-sniffer-annotations\1.17\animal-sniffer-annotations-1.17.jar;C:\Users\Cicinha\.m2\repository\io\swagger\swagger-parser\1.0.55\swagger-parser-1.0.55.jar;C:\Users\Cicinha\.m2\repository\io\swagger\swagger-compat-spec-parser\1.0.55\swagger-compat-spec-parser-1.0.55.jar;C:\Users\Cicinha\.m2\repository\com\github\java-json-tools\json-schema-validator\2.2.14\json-schema-validator-2.2.14.jar;C:\Users\Cicinha\.m2\repository\com\github\java-json-tools\jackson-coreutils-equivalence\1.0\jackson-coreutils-equivalence-1.0.jar;C:\Users\Cicinha\.m2\repository\com\github\java-json-tools\json-schema-core\1.2.14\json-schema-core-1.2.14.jar;C:\Users\Cicinha\.m2\repository\com\github\java-json-tools\uri-template\0.10\uri-template-0.10.jar;C:\Users\Cicinha\.m2\repository\org\mozilla\rhino\1.7.7.2\rhino-1.7.7.2.jar;C:\Users\Cicinha\.m2\repository\com\sun\mail\mailapi\1.6.2\mailapi-1.6.2.jar;C:\Users\Cicinha\.m2\repository\joda-time\joda-time\2.10.5\joda-time-2.10.5.jar;C:\Users\Cicinha\.m2\repository\com\googlecode\libphonenumber\libphonenumber\8.11.1\libphonenumber-8.11.1.jar;C:\Users\Cicinha\.m2\repository\net\sf\jopt-simple\jopt-simple\5.0.4\jopt-simple-5.0.4.jar;C:\Users\Cicinha\.m2\repository\com\github\java-json-tools\json-patch\1.13\json-patch-1.13.jar;C:\Users\Cicinha\.m2\repository\com\github\java-json-tools\msg-simple\1.2\msg-simple-1.2.jar;C:\Users\Cicinha\.m2\repository\com\github\java-json-tools\btf\1.3\btf-1.3.jar;C:\Users\Cicinha\.m2\repository\com\github\java-json-tools\jackson-coreutils\2.0\jackson-coreutils-2.0.jar;C:\Users\Cicinha\.m2\repository\io\swagger\parser\v3\swagger-parser-core\2.0.27\swagger-parser-core-2.0.27.jar;C:\Users\Cicinha\.m2\repository\io\swagger\parser\v3\swagger-parser-v3\2.0.27\swagger-parser-v3-2.0.27.jar;C:\Users\Cicinha\.m2\repository\com\fasterxml\jackson\dataformat\jackson-dataformat-yaml\2.12.1\jackson-dataformat-yaml-2.12.1.jar;C:\Users\Cicinha\.m2\repository\org\yaml\snakeyaml\1.27\snakeyaml-1.27.jar;C:\Users\Cicinha\.m2\repository\commons-io\commons-io\2.6\commons-io-2.6.jar;C:\Users\Cicinha\.m2\repository\org\webjars\npm\redoc\2.0.0-rc.45\redoc-2.0.0-rc.45.jar;C:\Users\Cicinha\.m2\repository\org\webjars\swagger-ui\3.43.0\swagger-ui-3.43.0.jar;C:\Users\Cicinha\.m2\repository\io\github\classgraph\classgraph\4.8.102\classgraph-4.8.102.jar;C:\Users\Cicinha\.m2\repository\cc\vileda\kotlin-openapi3-dsl\1.0.0\kotlin-openapi3-dsl-1.0.0.jar;C:\Users\Cicinha\.m2\repository\io\swagger\core\v3\swagger-core\2.1.4\swagger-core-2.1.4.jar;C:\Users\Cicinha\.m2\repository\jakarta\xml\bind\jakarta.xml.bind-api\2.3.2\jakarta.xml.bind-api-2.3.2.jar;C:\Users\Cicinha\.m2\repository\jakarta\activation\jakarta.activation-api\1.2.1\jakarta.activation-api-1.2.1.jar;C:\Users\Cicinha\.m2\repository\org\apache\commons\commons-lang3\3.7\commons-lang3-3.7.jar;C:\Users\Cicinha\.m2\repository\com\fasterxml\jackson\datatype\jackson-datatype-jsr310\2.11.1\jackson-datatype-jsr310-2.11.1.jar;C:\Users\Cicinha\.m2\repository\io\swagger\core\v3\swagger-annotations\2.1.4\swagger-annotations-2.1.4.jar;C:\Users\Cicinha\.m2\repository\jakarta\validation\jakarta.validation-api\2.0.2\jakarta.validation-api-2.0.2.jar;C:\Users\Cicinha\.m2\repository\com\fasterxml\jackson\module\jackson-module-jsonSchema\2.11.2\jackson-module-jsonSchema-2.11.2.jar;C:\Users\Cicinha\.m2\repository\javax\validation\validation-api\1.1.0.Final\validation-api-1.1.0.Final.jar;C:\Users\Cicinha\.m2\repository\com\fasterxml\jackson\datatype\jackson-datatype-json-org\2.11.2\jackson-datatype-json-org-2.11.2.jar;C:\Users\Cicinha\.m2\repository\org\json\json\20190722\json-20190722.jar;C:\Users\Cicinha\.m2\repository\com\reprezen\kaizen\openapi-parser\4.0.4\openapi-parser-4.0.4.jar;C:\Users\Cicinha\.m2\repository\com\reprezen\jsonoverlay\jsonoverlay\4.0.4\jsonoverlay-4.0.4.jar;C:\Users\Cicinha\.m2\repository\javax\mail\javax.mail-api\1.6.1\javax.mail-api-1.6.1.jar;C:\Users\Cicinha\.m2\repository\javax\activation\activation\1.1\activation-1.1.jar;C:\Users\Cicinha\.m2\repository\com\sun\mail\javax.mail\1.6.1\javax.mail-1.6.1.jar;C:\Users\Cicinha\.m2\repository\org\jetbrains\kotlin\kotlin-stdlib-jdk8\1.5.31\kotlin-stdlib-jdk8-1.5.31.jar;C:\Users\Cicinha\.m2\repository\org\jetbrains\kotlin\kotlin-stdlib\1.5.31\kotlin-stdlib-1.5.31.jar;C:\Users\Cicinha\.m2\repository\org\jetbrains\annotations\13.0\annotations-13.0.jar;C:\Users\Cicinha\.m2\repository\org\jetbrains\kotlin\kotlin-stdlib-common\1.5.31\kotlin-stdlib-common-1.5.31.jar;C:\Users\Cicinha\.m2\repository\org\jetbrains\kotlin\kotlin-stdlib-jdk7\1.5.31\kotlin-stdlib-jdk7-1.5.31.jar;C:\Users\Cicinha\.m2\repository\io\javalin\javalin\3.7.0\javalin-3.7.0.jar;C:\Users\Cicinha\.m2\repository\org\slf4j\slf4j-api\1.7.28\slf4j-api-1.7.28.jar;C:\Users\Cicinha\.m2\repository\org\eclipse\jetty\jetty-server\9.4.25.v20191220\jetty-server-9.4.25.v20191220.jar;C:\Users\Cicinha\.m2\repository\javax\servlet\javax.servlet-api\3.1.0\javax.servlet-api-3.1.0.jar;C:\Users\Cicinha\.m2\repository\org\eclipse\jetty\jetty-http\9.4.25.v20191220\jetty-http-9.4.25.v20191220.jar;C:\Users\Cicinha\.m2\repository\org\eclipse\jetty\jetty-util\9.4.25.v20191220\jetty-util-9.4.25.v20191220.jar;C:\Users\Cicinha\.m2\repository\org\eclipse\jetty\jetty-io\9.4.25.v20191220\jetty-io-9.4.25.v20191220.jar;C:\Users\Cicinha\.m2\repository\org\eclipse\jetty\jetty-webapp\9.4.25.v20191220\jetty-webapp-9.4.25.v20191220.jar;C:\Users\Cicinha\.m2\repository\org\eclipse\jetty\jetty-xml\9.4.25.v20191220\jetty-xml-9.4.25.v20191220.jar;C:\Users\Cicinha\.m2\repository\org\eclipse\jetty\jetty-servlet\9.4.25.v20191220\jetty-servlet-9.4.25.v20191220.jar;C:\Users\Cicinha\.m2\repository\org\eclipse\jetty\jetty-security\9.4.25.v20191220\jetty-security-9.4.25.v20191220.jar;C:\Users\Cicinha\.m2\repository\org\eclipse\jetty\websocket\websocket-server\9.4.25.v20191220\websocket-server-9.4.25.v20191220.jar;C:\Users\Cicinha\.m2\repository\org\eclipse\jetty\websocket\websocket-common\9.4.25.v20191220\websocket-common-9.4.25.v20191220.jar;C:\Users\Cicinha\.m2\repository\org\eclipse\jetty\websocket\websocket-api\9.4.25.v20191220\websocket-api-9.4.25.v20191220.jar;C:\Users\Cicinha\.m2\repository\org\eclipse\jetty\websocket\websocket-client\9.4.25.v20191220\websocket-client-9.4.25.v20191220.jar;C:\Users\Cicinha\.m2\repository\org\eclipse\jetty\jetty-client\9.4.25.v20191220\jetty-client-9.4.25.v20191220.jar;C:\Users\Cicinha\.m2\repository\org\eclipse\jetty\websocket\websocket-servlet\9.4.25.v20191220\websocket-servlet-9.4.25.v20191220.jar;C:\Users\Cicinha\.m2\repository\com\konghq\unirest-java\3.10.00\unirest-java-3.10.00.jar;C:\Users\Cicinha\.m2\repository\org\apache\httpcomponents\httpclient\4.5.12\httpclient-4.5.12.jar;C:\Users\Cicinha\.m2\repository\org\apache\httpcomponents\httpcore\4.4.13\httpcore-4.4.13.jar;C:\Users\Cicinha\.m2\repository\commons-logging\commons-logging\1.2\commons-logging-1.2.jar;C:\Users\Cicinha\.m2\repository\commons-codec\commons-codec\1.11\commons-codec-1.11.jar;C:\Users\Cicinha\.m2\repository\org\apache\httpcomponents\httpmime\4.5.12\httpmime-4.5.12.jar;C:\Users\Cicinha\.m2\repository\org\apache\httpcomponents\httpcore-nio\4.4.13\httpcore-nio-4.4.13.jar;C:\Users\Cicinha\.m2\repository\org\apache\httpcomponents\httpasyncclient\4.1.4\httpasyncclient-4.1.4.jar;C:\Users\Cicinha\.m2\repository\com\google\code\gson\gson\2.8.6\gson-2.8.6.jar;C:\Users\Cicinha\.m2\repository\org\slf4j\slf4j-simple\1.7.28\slf4j-simple-1.7.28.jar;C:\Users\Cicinha\.m2\repository\com\fasterxml\jackson\core\jackson-databind\2.10.1\jackson-databind-2.10.1.jar;C:\Users\Cicinha\.m2\repository\com\fasterxml\jackson\core\jackson-annotations\2.10.1\jackson-annotations-2.10.1.jar;C:\Users\Cicinha\.m2\repository\com\fasterxml\jackson\core\jackson-core\2.10.1\jackson-core-2.10.1.jar;C:\Users\Cicinha\.m2\repository\org\junit\jupiter\junit-jupiter-api\5.8.1\junit-jupiter-api-5.8.1.jar;C:\Users\Cicinha\.m2\repository\org\opentest4j\opentest4j\1.2.0\opentest4j-1.2.0.jar;C:\Users\Cicinha\.m2\repository\org\junit\platform\junit-platform-commons\1.8.1\junit-platform-commons-1.8.1.jar;C:\Users\Cicinha\.m2\repository\org\apiguardian\apiguardian-api\1.1.2\apiguardian-api-1.1.2.jar;"/>
    <property name="sun.cpu.endian" value="little"/>
    <property name="user.home" value="C:\Users\Cicinha"/>
    <property name="user.language" value="pt"/>
    <property name="java.specification.vendor" value="Oracle Corporation"/>
    <property name="java.version.date" value="2021-07-20"/>
    <property name="java.home" value="C:\Program Files\Java\jdk-11.0.12"/>
    <property name="file.separator" value="\"/>
    <property name="basedir" value="E:\Programas\eclipse-workspace-ee\SistemaBicicletario"/>
    <property name="java.vm.compressedOopsMode" value="Zero based"/>
    <property name="line.separator" value="&#10;"/>
    <property name="java.specification.name" value="Java Platform API Specification"/>
    <property name="java.vm.specification.vendor" value="Oracle Corporation"/>
    <property name="java.awt.graphicsenv" value="sun.awt.Win32GraphicsEnvironment"/>
    <property name="surefire.real.class.path" value="C:\Users\Cicinha\AppData\Local\Temp\surefire10053225963004386089\surefirebooter2439870479442372650.jar"/>
    <property name="user.script" value=""/>
    <property name="sun.management.compiler" value="HotSpot 64-Bit Tiered Compilers"/>
    <property name="java.runtime.version" value="11.0.12+8-LTS-237"/>
    <property name="user.name" value="Cicinha"/>
    <property name="path.separator" value=";"/>
    <property name="os.version" value="6.1"/>
    <property name="java.runtime.name" value="Java(TM) SE Runtime Environment"/>
    <property name="file.encoding" value="Cp1252"/>
    <property name="java.vm.name" value="Java HotSpot(TM) 64-Bit Server VM"/>
    <property name="java.vendor.version" value="18.9"/>
    <property name="localRepository" value="C:\Users\Cicinha\.m2\repository"/>
    <property name="java.vendor.url.bug" value="https://bugreport.java.com/bugreport/"/>
    <property name="jetty.git.hash" value="a9729c7e7f33a459d2616a8f9e9ba8a90f432e95"/>
    <property name="java.io.tmpdir" value="C:\Users\Cicinha\AppData\Local\Temp\"/>
    <property name="java.version" value="11.0.12"/>
    <property name="user.dir" value="E:\Programas\eclipse-workspace-ee\SistemaBicicletario"/>
    <property name="os.arch" value="amd64"/>
    <property name="java.vm.specification.name" value="Java Virtual Machine Specification"/>
    <property name="java.awt.printerjob" value="sun.awt.windows.WPrinterJob"/>
    <property name="sun.os.patch.level" value="Service Pack 1"/>
    <property name="java.library.path" value="C:\Program Files\Java\jdk-11.0.12\bin;C:\Windows\Sun\Java\bin;C:\Windows\system32;C:\Windows;C:\Program Files\Common Files\Oracle\Java\javapath;C:\Program Files (x86)\Common Files\Oracle\Java\javapath;C:\VulkanSDK\1.0.54.0\Bin;C:\ProgramData\Oracle\Java\javapath;C:\Program Files\Common Files\Microsoft Shared\Windows Live;C:\Program Files (x86)\Common Files\Microsoft Shared\Windows Live;C:\Windows\system32;C:\Windows;C:\Windows\System32\Wbem;C:\Windows\System32\WindowsPowerShell\v1.0\;C:\Program Files (x86)\NVIDIA Corporation\PhysX\Common;C:\Program Files\Microsoft SQL Server\130\Tools\Binn\;C:\Program Files (x86)\Windows Live\Shared;C:\xampp\php;C:\Program Files (x86)\GtkSharp\2.12\bin;C:\Program Files (x86)\Gow\bin;C:\Program Files (x86)\GnuWin32\bin;C:\MinGW\bin;C:\Program Files\doxygen\bin;C:\VulkanSDK\1.0.54.0\bin;C:\Program Files\Java\jre1.80_161;C:\Program Files\Java\jre1.8.0_161\bin;C:\Program Files\Java\jre1.8.0_161\lib\ext\mysql-connector-java-5.1.46;E:\Programas\Brackets\command;C:\Program Files\nodejs\;C:\Program Files (x86)\Yarn\bin\;C:\Program Files\Git\cmd;C:\Users\Cicinha\Desktop\sonar-scanner-4.4.0.2170-windows\bin;E:\Meus Documentos\Documentos\UNIRIO\6° Periodo\PM\sonar-scanner-4.4.0.2170-windows\bin;C:\Users\Cicinha\Documents\apache-maven-3.8.4-bin\apache-maven-3.8.4\bin;C:\Program Files\MySQL\MySQL Shell 8.0\bin\;C:\Users\Cicinha\AppData\Local\Programs\Microsoft VS Code\bin;C:\Users\Cicinha\AppData\Roaming\npm;C:\Users\Cicinha\AppData\Local\Yarn\bin;C:\Program Files\heroku\bin;."/>
    <property name="java.vendor" value="Oracle Corporation"/>
    <property name="java.vm.info" value="mixed mode"/>
    <property name="java.vm.version" value="11.0.12+8-LTS-237"/>
    <property name="sun.io.unicode.encoding" value="UnicodeLittle"/>
    <property name="java.class.version" value="55.0"/>
  </properties>
  <testcase name="testGetTitle" classname="util.ErrorResponseTest" time="0.002"/>
  <testcase name="testGetType" classname="util.ErrorResponseTest" time="0"/>
  <testcase name="testGetStatus" classname="util.ErrorResponseTest" time="0.001"/>
  <testcase name="testGetDetails" classname="util.ErrorResponseTest" time="0"/>
</testsuite>